<?xml version="1.0" encoding="UTF-8"?>
<!-- Generated by org.testng.reporters.JUnitReportReporter -->
<testsuite skipped="0" hostname="HDC2-L-2CF7QQ2" name="packTestng.DemoTestng" tests="3" failures="0" timestamp="02 Dec 2019 09:16:21 GMT" time="0.012" errors="0">
  <testcase name="OpenApp" time="0.006" classname="packTestng.DemoTestng"/>
  <testcase name="Login" time="0.002" classname="packTestng.DemoTestng"/>
  <testcase name="Logout" time="0.004" classname="packTestng.DemoTestng"/>
</testsuite> <!-- packTestng.DemoTestng -->
