<?xml version="1.0" encoding="UTF-8"?>
<!-- Generated by org.testng.reporters.JUnitReportReporter -->
<testsuite skipped="2" hostname="HDC2-L-2CF7QQ2" name="packTestng.DemoTestngDec19" tests="3" failures="0" timestamp="03 Dec 2019 09:56:02 GMT" time="9.095" errors="0">
  <testcase name="OpenApp" time="9.095" classname="packTestng.DemoTestngDec19"/>
  <testcase name="Logout" classname="packTestng.DemoTestngDec19">
    <skipped/>
  </testcase> <!-- Logout -->
  <testcase name="Login" classname="packTestng.DemoTestngDec19">
    <skipped/>
  </testcase> <!-- Login -->
</testsuite> <!-- packTestng.DemoTestngDec19 -->
