<?xml version="1.0" encoding="UTF-8"?>
<!-- Generated by org.testng.reporters.JUnitReportReporter -->
<testsuite skipped="0" hostname="HDC2-L-2CF7QQ2" name="packTestng.DemoTestNG2Dec19" tests="2" failures="0" timestamp="02 Dec 2019 11:29:41 GMT" time="0.021" errors="0">
  <testcase name="test4" time="0.005" classname="packTestng.DemoTestNG2Dec19"/>
  <testcase name="test4" time="0.016" classname="packTestng.DemoTestNG2Dec19"/>
</testsuite> <!-- packTestng.DemoTestNG2Dec19 -->
