<?xml version="1.0" encoding="UTF-8"?>
<!-- Generated by org.testng.reporters.JUnitReportReporter -->
<testsuite skipped="0" hostname="HDC2-L-2CF7QQ2" name="packTestng.DemoTestNG2" tests="1" failures="0" timestamp="02 Dec 2019 09:25:14 GMT" time="0.007" errors="0">
  <testcase name="f" time="0.007" classname="packTestng.DemoTestNG2"/>
</testsuite> <!-- packTestng.DemoTestNG2 -->
